{"contracts/CurrencyRatesProvider.sol":{"l":{},"path":"/private/etc/Work1/ethereum/capexmove/Demo/smartbond-impl/contracts/CurrencyRatesProvider.sol","s":{},"b":{},"f":{},"fnMap":{},"statementMap":{},"branchMap":{}},"contracts/ERC20Basic.sol":{"l":{},"path":"/private/etc/Work1/ethereum/capexmove/Demo/smartbond-impl/contracts/ERC20Basic.sol","s":{},"b":{},"f":{},"fnMap":{},"statementMap":{},"branchMap":{}},"contracts/Ownable.sol":{"l":{"21":40,"28":0,"29":0,"37":0,"38":0,"39":0},"path":"/private/etc/Work1/ethereum/capexmove/Demo/smartbond-impl/contracts/Ownable.sol","s":{"1":40,"2":0,"3":0,"4":0,"5":0},"b":{"1":[0,0],"2":[0,0]},"f":{"1":40,"2":0,"3":0},"fnMap":{"1":{"name":null,"line":20,"loc":{"start":{"line":20,"column":4},"end":{"line":20,"column":22}}},"2":{"name":"onlyOwner","line":27,"loc":{"start":{"line":27,"column":4},"end":{"line":27,"column":22}}},"3":{"name":"transferOwnership","line":36,"loc":{"start":{"line":36,"column":4},"end":{"line":36,"column":63}}}},"statementMap":{"1":{"start":{"line":21,"column":8},"end":{"line":21,"column":25}},"2":{"start":{"line":28,"column":8},"end":{"line":28,"column":35}},"3":{"start":{"line":37,"column":8},"end":{"line":37,"column":38}},"4":{"start":{"line":38,"column":8},"end":{"line":38,"column":50}},"5":{"start":{"line":39,"column":8},"end":{"line":39,"column":23}}},"branchMap":{"1":{"line":28,"type":"if","locations":[{"start":{"line":28,"column":8},"end":{"line":28,"column":8}},{"start":{"line":28,"column":8},"end":{"line":28,"column":8}}]},"2":{"line":37,"type":"if","locations":[{"start":{"line":37,"column":8},"end":{"line":37,"column":8}},{"start":{"line":37,"column":8},"end":{"line":37,"column":8}}]}}},"contracts/SafeMath.sol":{"l":{"14":384,"15":23,"17":361,"18":361,"19":361,"27":459,"29":459,"36":164,"37":164,"44":468,"45":468,"46":468},"path":"/private/etc/Work1/ethereum/capexmove/Demo/smartbond-impl/contracts/SafeMath.sol","s":{"1":384,"2":23,"3":361,"4":361,"5":361,"6":459,"7":459,"8":164,"9":164,"10":468,"11":468,"12":468},"b":{"1":[23,361],"2":[361,0],"3":[164,0],"4":[468,0]},"f":{"1":384,"2":459,"3":164,"4":468},"fnMap":{"1":{"name":"mul","line":13,"loc":{"start":{"line":13,"column":2},"end":{"line":13,"column":68}}},"2":{"name":"div","line":25,"loc":{"start":{"line":25,"column":2},"end":{"line":25,"column":68}}},"3":{"name":"sub","line":35,"loc":{"start":{"line":35,"column":2},"end":{"line":35,"column":68}}},"4":{"name":"add","line":43,"loc":{"start":{"line":43,"column":2},"end":{"line":43,"column":68}}}},"statementMap":{"1":{"start":{"line":14,"column":4},"end":{"line":14,"column":281}},"2":{"start":{"line":15,"column":6},"end":{"line":15,"column":14}},"3":{"start":{"line":17,"column":4},"end":{"line":17,"column":20}},"4":{"start":{"line":18,"column":4},"end":{"line":18,"column":21}},"5":{"start":{"line":19,"column":4},"end":{"line":19,"column":12}},"6":{"start":{"line":27,"column":4},"end":{"line":27,"column":20}},"7":{"start":{"line":29,"column":4},"end":{"line":29,"column":12}},"8":{"start":{"line":36,"column":4},"end":{"line":36,"column":17}},"9":{"start":{"line":37,"column":4},"end":{"line":37,"column":16}},"10":{"start":{"line":44,"column":4},"end":{"line":44,"column":20}},"11":{"start":{"line":45,"column":4},"end":{"line":45,"column":17}},"12":{"start":{"line":46,"column":4},"end":{"line":46,"column":12}}},"branchMap":{"1":{"line":14,"type":"if","locations":[{"start":{"line":14,"column":4},"end":{"line":14,"column":4}},{"start":{"line":14,"column":4},"end":{"line":14,"column":4}}]},"2":{"line":18,"type":"if","locations":[{"start":{"line":18,"column":4},"end":{"line":18,"column":4}},{"start":{"line":18,"column":4},"end":{"line":18,"column":4}}]},"3":{"line":36,"type":"if","locations":[{"start":{"line":36,"column":4},"end":{"line":36,"column":4}},{"start":{"line":36,"column":4},"end":{"line":36,"column":4}}]},"4":{"line":45,"type":"if","locations":[{"start":{"line":45,"column":4},"end":{"line":45,"column":4}},{"start":{"line":45,"column":4},"end":{"line":45,"column":4}}]}}},"contracts/SettableCurrencyRates.sol":{"l":{"19":270,"21":269,"26":44,"28":44,"30":44,"32":44,"36":0},"path":"/private/etc/Work1/ethereum/capexmove/Demo/smartbond-impl/contracts/SettableCurrencyRates.sol","s":{"1":270,"2":269,"3":44,"4":44,"5":44,"6":44,"7":0},"b":{"1":[269,1],"2":[44,0]},"f":{"1":40,"2":270,"3":44,"4":0},"fnMap":{"1":{"name":null,"line":14,"loc":{"start":{"line":14,"column":4},"end":{"line":14,"column":22}}},"2":{"name":"getCurrencyRate","line":18,"loc":{"start":{"line":18,"column":4},"end":{"line":18,"column":73}}},"3":{"name":"setCurrencyRate","line":24,"loc":{"start":{"line":24,"column":4},"end":{"line":24,"column":93}}},"4":{"name":"convertToWei","line":35,"loc":{"start":{"line":35,"column":4},"end":{"line":35,"column":94}}}},"statementMap":{"1":{"start":{"line":19,"column":8},"end":{"line":19,"column":35}},"2":{"start":{"line":21,"column":8},"end":{"line":21,"column":30}},"3":{"start":{"line":26,"column":8},"end":{"line":26,"column":39}},"4":{"start":{"line":28,"column":8},"end":{"line":28,"column":43}},"5":{"start":{"line":30,"column":8},"end":{"line":30,"column":60}},"6":{"start":{"line":32,"column":8},"end":{"line":32,"column":19}},"7":{"start":{"line":36,"column":8},"end":{"line":36,"column":50}}},"branchMap":{"1":{"line":19,"type":"if","locations":[{"start":{"line":19,"column":8},"end":{"line":19,"column":8}},{"start":{"line":19,"column":8},"end":{"line":19,"column":8}}]},"2":{"line":26,"type":"if","locations":[{"start":{"line":26,"column":8},"end":{"line":26,"column":8}},{"start":{"line":26,"column":8},"end":{"line":26,"column":8}}]}}},"contracts/SmartBondByInvestor.sol":{"l":{"23":0,"24":0,"28":0,"29":0,"30":0,"162":3,"164":3,"165":3,"166":3,"168":3,"170":3,"171":3,"172":3,"174":3,"175":3,"176":3,"178":3,"182":3,"186":3,"188":3,"190":3,"191":3,"192":3,"194":3,"195":3,"196":3,"198":3,"200":3,"202":3,"203":3,"207":5,"208":0,"211":5,"213":2,"217":3,"218":2,"221":1,"225":0,"231":1,"235":11,"239":0,"240":0,"242":0,"244":0,"245":0,"247":0,"249":0,"254":3,"256":3,"260":4,"262":4,"267":0,"272":7,"277":0,"278":0,"280":0,"281":0,"284":0,"288":0,"292":0,"293":0,"296":0,"301":1,"304":1,"306":1,"307":1,"308":1,"310":1,"311":1,"316":0,"319":0,"322":0,"324":0,"327":0,"328":0,"330":0,"331":0,"332":0,"335":0,"336":0,"341":0,"346":0,"348":0,"354":0,"355":0,"356":0,"359":0,"360":0,"363":0,"364":0,"366":0,"370":2,"372":2,"373":2,"375":2,"376":0,"379":2,"381":2,"382":0,"383":0,"387":2,"388":2,"390":2,"392":2,"393":2,"394":2,"395":2,"399":1,"401":1,"405":2,"406":1,"408":1,"411":1,"412":1,"413":1,"414":1,"415":1,"416":1,"419":1,"420":1,"422":1,"425":1,"428":2,"429":2,"430":2,"432":2,"434":2,"436":2,"442":1,"444":1,"446":1,"448":1,"450":1,"452":1,"453":1,"455":1,"456":1,"458":1,"459":0,"463":0,"464":0,"465":0,"467":0,"468":0,"471":1,"474":1,"475":1,"476":1,"477":1,"478":1,"480":1,"481":1,"482":1,"483":1,"484":1,"488":1,"489":1,"490":1,"493":1,"495":0,"499":1,"501":1,"502":1,"503":1,"505":1,"507":1,"512":1,"513":1,"517":7,"521":0,"522":0,"523":0,"524":0,"525":0,"526":0,"527":0,"528":0,"529":0,"530":0,"533":0,"535":0,"541":0,"542":0,"546":1,"547":1,"548":1,"549":1,"550":1,"551":1,"555":1,"559":2,"561":2,"562":1,"563":1,"564":1,"567":2},"path":"/private/etc/Work1/ethereum/capexmove/Demo/smartbond-impl/contracts/SmartBondByInvestor.sol","s":{"1":0,"2":0,"3":0,"4":0,"5":3,"6":3,"7":3,"8":3,"9":3,"10":3,"11":3,"12":3,"13":3,"14":3,"15":3,"16":3,"17":3,"18":3,"19":3,"20":3,"21":3,"22":3,"23":3,"24":3,"25":3,"26":3,"27":3,"28":3,"29":5,"30":0,"31":5,"32":2,"33":3,"34":3,"35":2,"36":1,"37":0,"38":1,"39":11,"40":0,"41":0,"42":0,"43":0,"44":0,"45":0,"46":0,"47":3,"48":3,"49":4,"50":4,"51":0,"52":7,"53":0,"54":0,"55":0,"56":0,"57":0,"58":0,"59":0,"60":0,"61":0,"62":1,"63":1,"64":1,"65":1,"66":1,"67":1,"68":0,"69":0,"70":0,"71":0,"72":0,"73":0,"74":0,"75":0,"76":0,"77":0,"78":0,"79":0,"80":0,"81":0,"82":0,"83":0,"84":0,"85":0,"86":0,"87":2,"88":2,"89":2,"90":2,"91":0,"92":2,"93":2,"94":0,"95":2,"96":2,"97":2,"98":2,"99":2,"100":2,"101":2,"102":1,"103":1,"104":2,"105":1,"106":1,"107":1,"108":1,"109":1,"110":1,"111":1,"112":1,"113":1,"114":1,"115":1,"116":2,"117":2,"118":2,"119":2,"120":2,"121":2,"122":1,"123":1,"124":1,"125":1,"126":1,"127":1,"128":1,"129":1,"130":1,"131":0,"132":0,"133":0,"134":0,"135":0,"136":1,"137":1,"138":1,"139":1,"140":1,"141":1,"142":1,"143":1,"144":1,"145":1,"146":1,"147":1,"148":1,"149":1,"150":0,"151":1,"152":1,"153":1,"154":1,"155":1,"156":1,"157":7,"158":0,"159":0,"160":0,"161":0,"162":0,"163":0,"164":0,"165":0,"166":0,"167":0,"168":0,"169":0,"170":1,"171":1,"172":1,"173":1,"174":1,"175":1,"176":1,"177":2,"178":2,"179":1,"180":1,"181":1,"182":2},"b":{"1":[0,0],"2":[0,0],"3":[0,5],"4":[2,3],"5":[3,0],"6":[2,1],"7":[0,0],"8":[0,0],"9":[0,0],"10":[0,0],"11":[1,0],"12":[1,0],"13":[0,0],"14":[0,0],"15":[0,0],"16":[0,0],"17":[0,0],"18":[0,0],"19":[2,0],"20":[0,2],"21":[0,2],"22":[1,1],"23":[1,0],"24":[1,0],"25":[1,0],"26":[1,0],"27":[1,0],"28":[1,0],"29":[0,1],"30":[1,0],"31":[0,1],"32":[1,0],"33":[0,0],"34":[0,0],"35":[1,0],"36":[2,0],"37":[1,1]},"f":{"1":0,"2":0,"3":3,"4":5,"5":1,"6":11,"7":0,"8":3,"9":4,"10":0,"11":7,"12":0,"13":0,"14":1,"15":0,"16":2,"17":1,"18":2,"19":1,"20":1,"21":7,"22":0,"23":0,"24":1,"25":2},"fnMap":{"1":{"name":"onlyOwner","line":22,"loc":{"start":{"line":22,"column":4},"end":{"line":22,"column":22}}},"2":{"name":"transferOwnership","line":27,"loc":{"start":{"line":27,"column":4},"end":{"line":27,"column":63}}},"3":{"name":null,"line":141,"loc":{"start":{"line":141,"column":4},"end":{"line":161,"column":12}}},"4":{"name":null,"line":206,"loc":{"start":{"line":206,"column":4},"end":{"line":206,"column":27}}},"5":{"name":"totalSupply","line":230,"loc":{"start":{"line":230,"column":4},"end":{"line":230,"column":54}}},"6":{"name":"balanceOf","line":234,"loc":{"start":{"line":234,"column":4},"end":{"line":234,"column":69}}},"7":{"name":"transfer","line":238,"loc":{"start":{"line":238,"column":4},"end":{"line":238,"column":70}}},"8":{"name":"getMinAmountOfCollateralWei","line":253,"loc":{"start":{"line":253,"column":4},"end":{"line":253,"column":70}}},"9":{"name":"getDefaultStateAmountOfCollateralWei","line":259,"loc":{"start":{"line":259,"column":4},"end":{"line":259,"column":79}}},"10":{"name":"isRepaymentDeadlineMissed","line":266,"loc":{"start":{"line":266,"column":4},"end":{"line":266,"column":65}}},"11":{"name":"isMarginCall","line":271,"loc":{"start":{"line":271,"column":4},"end":{"line":271,"column":52}}},"12":{"name":"getAmountToBeRepaidToTheMomentInCurrency","line":276,"loc":{"start":{"line":276,"column":4},"end":{"line":276,"column":80}}},"13":{"name":"getNumberOfExpiredCouponPayments","line":287,"loc":{"start":{"line":287,"column":4},"end":{"line":287,"column":72}}},"14":{"name":"withdrawFunds","line":299,"loc":{"start":{"line":299,"column":4},"end":{"line":299,"column":50}}},"15":{"name":"setDefaultState","line":314,"loc":{"start":{"line":314,"column":4},"end":{"line":314,"column":60}}},"16":{"name":"transferLoanFromInvestor","line":369,"loc":{"start":{"line":369,"column":4},"end":{"line":369,"column":59}}},"17":{"name":"transferDebtTokensToInvestor","line":398,"loc":{"start":{"line":398,"column":4},"end":{"line":398,"column":90}}},"18":{"name":"transferCollateralWeiFromBondIssuer","line":404,"loc":{"start":{"line":404,"column":4},"end":{"line":404,"column":70}}},"19":{"name":"repayLoanToInvestors","line":439,"loc":{"start":{"line":439,"column":4},"end":{"line":440,"column":14}}},"20":{"name":"transferLoanToInvestor","line":511,"loc":{"start":{"line":511,"column":4},"end":{"line":511,"column":71}}},"21":{"name":"convertLoanToAmountWei","line":516,"loc":{"start":{"line":516,"column":4},"end":{"line":516,"column":67}}},"22":{"name":"distributeCollateral","line":520,"loc":{"start":{"line":520,"column":4},"end":{"line":520,"column":72}}},"23":{"name":"transferCollateralToInvestor","line":540,"loc":{"start":{"line":540,"column":4},"end":{"line":540,"column":77}}},"24":{"name":"destroyDebtTokens","line":545,"loc":{"start":{"line":545,"column":4},"end":{"line":545,"column":39}}},"25":{"name":"registerBalance","line":558,"loc":{"start":{"line":558,"column":4},"end":{"line":558,"column":66}}}},"statementMap":{"1":{"start":{"line":23,"column":8},"end":{"line":23,"column":35}},"2":{"start":{"line":28,"column":8},"end":{"line":28,"column":38}},"3":{"start":{"line":29,"column":8},"end":{"line":29,"column":50}},"4":{"start":{"line":30,"column":8},"end":{"line":30,"column":23}},"5":{"start":{"line":162,"column":8},"end":{"line":162,"column":25}},"6":{"start":{"line":164,"column":8},"end":{"line":164,"column":35}},"7":{"start":{"line":165,"column":8},"end":{"line":165,"column":43}},"8":{"start":{"line":166,"column":8},"end":{"line":166,"column":79}},"9":{"start":{"line":168,"column":8},"end":{"line":168,"column":27}},"10":{"start":{"line":170,"column":8},"end":{"line":170,"column":57}},"11":{"start":{"line":171,"column":8},"end":{"line":171,"column":78}},"12":{"start":{"line":172,"column":8},"end":{"line":172,"column":39}},"13":{"start":{"line":174,"column":8},"end":{"line":174,"column":55}},"14":{"start":{"line":175,"column":8},"end":{"line":175,"column":67}},"15":{"start":{"line":176,"column":8},"end":{"line":176,"column":57}},"16":{"start":{"line":178,"column":8},"end":{"line":178,"column":4685}},"17":{"start":{"line":182,"column":8},"end":{"line":182,"column":4806}},"18":{"start":{"line":186,"column":8},"end":{"line":186,"column":39}},"19":{"start":{"line":188,"column":8},"end":{"line":188,"column":49}},"20":{"start":{"line":190,"column":8},"end":{"line":190,"column":45}},"21":{"start":{"line":191,"column":8},"end":{"line":191,"column":31}},"22":{"start":{"line":194,"column":8},"end":{"line":194,"column":19}},"23":{"start":{"line":195,"column":8},"end":{"line":195,"column":23}},"24":{"start":{"line":196,"column":8},"end":{"line":196,"column":45}},"25":{"start":{"line":198,"column":8},"end":{"line":198,"column":75}},"26":{"start":{"line":200,"column":8},"end":{"line":200,"column":56}},"27":{"start":{"line":202,"column":8},"end":{"line":202,"column":53}},"28":{"start":{"line":203,"column":8},"end":{"line":203,"column":60}},"29":{"start":{"line":207,"column":8},"end":{"line":207,"column":5539}},"30":{"start":{"line":208,"column":12},"end":{"line":208,"column":19}},"31":{"start":{"line":211,"column":8},"end":{"line":211,"column":5616}},"32":{"start":{"line":213,"column":12},"end":{"line":213,"column":46}},"33":{"start":{"line":216,"column":13},"end":{"line":216,"column":5848}},"34":{"start":{"line":217,"column":12},"end":{"line":217,"column":5912}},"35":{"start":{"line":218,"column":16},"end":{"line":218,"column":61}},"36":{"start":{"line":221,"column":16},"end":{"line":221,"column":46}},"37":{"start":{"line":225,"column":12},"end":{"line":225,"column":19}},"38":{"start":{"line":231,"column":8},"end":{"line":231,"column":38}},"39":{"start":{"line":235,"column":8},"end":{"line":235,"column":31}},"40":{"start":{"line":239,"column":8},"end":{"line":239,"column":41}},"41":{"start":{"line":240,"column":8},"end":{"line":240,"column":43}},"42":{"start":{"line":242,"column":8},"end":{"line":242,"column":57}},"43":{"start":{"line":244,"column":8},"end":{"line":244,"column":51}},"44":{"start":{"line":245,"column":8},"end":{"line":245,"column":54}},"45":{"start":{"line":247,"column":8},"end":{"line":247,"column":46}},"46":{"start":{"line":249,"column":8},"end":{"line":249,"column":19}},"47":{"start":{"line":254,"column":8},"end":{"line":254,"column":60}},"48":{"start":{"line":256,"column":8},"end":{"line":256,"column":91}},"49":{"start":{"line":260,"column":8},"end":{"line":260,"column":60}},"50":{"start":{"line":262,"column":8},"end":{"line":262,"column":7392}},"51":{"start":{"line":267,"column":8},"end":{"line":267,"column":7567}},"52":{"start":{"line":272,"column":8},"end":{"line":272,"column":7779}},"53":{"start":{"line":277,"column":8},"end":{"line":277,"column":61}},"54":{"start":{"line":278,"column":8},"end":{"line":278,"column":82}},"55":{"start":{"line":280,"column":8},"end":{"line":280,"column":8106}},"56":{"start":{"line":281,"column":12},"end":{"line":281,"column":95}},"57":{"start":{"line":284,"column":8},"end":{"line":284,"column":41}},"58":{"start":{"line":288,"column":8},"end":{"line":288,"column":8428}},"59":{"start":{"line":292,"column":8},"end":{"line":292,"column":8530}},"60":{"start":{"line":293,"column":12},"end":{"line":293,"column":41}},"61":{"start":{"line":296,"column":8},"end":{"line":296,"column":44}},"62":{"start":{"line":301,"column":8},"end":{"line":301,"column":89}},"63":{"start":{"line":304,"column":8},"end":{"line":304,"column":88}},"64":{"start":{"line":306,"column":8},"end":{"line":306,"column":57}},"65":{"start":{"line":308,"column":8},"end":{"line":308,"column":58}},"66":{"start":{"line":310,"column":8},"end":{"line":310,"column":34}},"67":{"start":{"line":311,"column":8},"end":{"line":311,"column":73}},"68":{"start":{"line":316,"column":8},"end":{"line":316,"column":28}},"69":{"start":{"line":319,"column":8},"end":{"line":319,"column":41}},"70":{"start":{"line":322,"column":8},"end":{"line":322,"column":61}},"71":{"start":{"line":324,"column":8},"end":{"line":324,"column":71}},"72":{"start":{"line":330,"column":8},"end":{"line":330,"column":10027}},"73":{"start":{"line":331,"column":12},"end":{"line":331,"column":58}},"74":{"start":{"line":332,"column":12},"end":{"line":332,"column":77}},"75":{"start":{"line":335,"column":12},"end":{"line":335,"column":10265}},"76":{"start":{"line":336,"column":16},"end":{"line":336,"column":10387}},"77":{"start":{"line":341,"column":16},"end":{"line":341,"column":10648}},"78":{"start":{"line":346,"column":16},"end":{"line":346,"column":84}},"79":{"start":{"line":348,"column":16},"end":{"line":348,"column":10934}},"80":{"start":{"line":354,"column":8},"end":{"line":354,"column":11063}},"81":{"start":{"line":356,"column":12},"end":{"line":356,"column":104}},"82":{"start":{"line":359,"column":8},"end":{"line":359,"column":71}},"83":{"start":{"line":360,"column":8},"end":{"line":360,"column":26}},"84":{"start":{"line":363,"column":8},"end":{"line":363,"column":25}},"85":{"start":{"line":364,"column":8},"end":{"line":364,"column":40}},"86":{"start":{"line":366,"column":8},"end":{"line":366,"column":19}},"87":{"start":{"line":370,"column":8},"end":{"line":370,"column":31}},"88":{"start":{"line":372,"column":8},"end":{"line":372,"column":84}},"89":{"start":{"line":373,"column":8},"end":{"line":373,"column":85}},"90":{"start":{"line":375,"column":8},"end":{"line":375,"column":11835}},"91":{"start":{"line":376,"column":12},"end":{"line":376,"column":41}},"92":{"start":{"line":379,"column":12},"end":{"line":379,"column":68}},"93":{"start":{"line":381,"column":12},"end":{"line":381,"column":12027}},"94":{"start":{"line":383,"column":16},"end":{"line":383,"column":77}},"95":{"start":{"line":387,"column":8},"end":{"line":387,"column":53}},"96":{"start":{"line":388,"column":8},"end":{"line":388,"column":62}},"97":{"start":{"line":390,"column":8},"end":{"line":390,"column":70}},"98":{"start":{"line":392,"column":8},"end":{"line":392,"column":65}},"99":{"start":{"line":393,"column":8},"end":{"line":393,"column":74}},"100":{"start":{"line":394,"column":8},"end":{"line":394,"column":58}},"101":{"start":{"line":395,"column":8},"end":{"line":395,"column":55}},"102":{"start":{"line":399,"column":8},"end":{"line":399,"column":48}},"103":{"start":{"line":401,"column":8},"end":{"line":401,"column":62}},"104":{"start":{"line":405,"column":8},"end":{"line":405,"column":12977}},"105":{"start":{"line":406,"column":12},"end":{"line":406,"column":59}},"106":{"start":{"line":408,"column":12},"end":{"line":408,"column":41}},"107":{"start":{"line":411,"column":12},"end":{"line":411,"column":55}},"108":{"start":{"line":412,"column":12},"end":{"line":412,"column":78}},"109":{"start":{"line":413,"column":12},"end":{"line":413,"column":90}},"110":{"start":{"line":414,"column":12},"end":{"line":414,"column":59}},"111":{"start":{"line":416,"column":12},"end":{"line":416,"column":86}},"112":{"start":{"line":419,"column":12},"end":{"line":419,"column":81}},"113":{"start":{"line":420,"column":12},"end":{"line":420,"column":44}},"114":{"start":{"line":422,"column":12},"end":{"line":422,"column":41}},"115":{"start":{"line":425,"column":12},"end":{"line":425,"column":52}},"116":{"start":{"line":428,"column":8},"end":{"line":428,"column":71}},"117":{"start":{"line":429,"column":8},"end":{"line":429,"column":72}},"118":{"start":{"line":430,"column":8},"end":{"line":430,"column":14159}},"119":{"start":{"line":432,"column":8},"end":{"line":432,"column":77}},"120":{"start":{"line":434,"column":8},"end":{"line":434,"column":83}},"121":{"start":{"line":436,"column":8},"end":{"line":436,"column":64}},"122":{"start":{"line":442,"column":8},"end":{"line":442,"column":56}},"123":{"start":{"line":444,"column":8},"end":{"line":444,"column":39}},"124":{"start":{"line":446,"column":8},"end":{"line":446,"column":47}},"125":{"start":{"line":448,"column":8},"end":{"line":448,"column":25}},"126":{"start":{"line":450,"column":8},"end":{"line":450,"column":53}},"127":{"start":{"line":452,"column":8},"end":{"line":452,"column":84}},"128":{"start":{"line":453,"column":8},"end":{"line":453,"column":63}},"129":{"start":{"line":455,"column":8},"end":{"line":455,"column":87}},"130":{"start":{"line":458,"column":8},"end":{"line":458,"column":15108}},"131":{"start":{"line":459,"column":12},"end":{"line":459,"column":15216}},"132":{"start":{"line":463,"column":12},"end":{"line":463,"column":84}},"133":{"start":{"line":464,"column":12},"end":{"line":464,"column":63}},"134":{"start":{"line":465,"column":12},"end":{"line":465,"column":61}},"135":{"start":{"line":468,"column":12},"end":{"line":468,"column":80}},"136":{"start":{"line":471,"column":12},"end":{"line":471,"column":39}},"137":{"start":{"line":474,"column":8},"end":{"line":474,"column":76}},"138":{"start":{"line":475,"column":8},"end":{"line":475,"column":68}},"139":{"start":{"line":476,"column":8},"end":{"line":476,"column":65}},"140":{"start":{"line":477,"column":8},"end":{"line":477,"column":42}},"141":{"start":{"line":478,"column":8},"end":{"line":478,"column":58}},"142":{"start":{"line":480,"column":8},"end":{"line":480,"column":40}},"143":{"start":{"line":482,"column":8},"end":{"line":482,"column":16136}},"144":{"start":{"line":483,"column":12},"end":{"line":483,"column":16206}},"145":{"start":{"line":484,"column":16},"end":{"line":484,"column":16310}},"146":{"start":{"line":488,"column":16},"end":{"line":488,"column":79}},"147":{"start":{"line":489,"column":16},"end":{"line":489,"column":69}},"148":{"start":{"line":490,"column":16},"end":{"line":490,"column":64}},"149":{"start":{"line":493,"column":8},"end":{"line":493,"column":16694}},"150":{"start":{"line":495,"column":12},"end":{"line":495,"column":95}},"151":{"start":{"line":499,"column":8},"end":{"line":499,"column":16945}},"152":{"start":{"line":501,"column":12},"end":{"line":501,"column":58}},"153":{"start":{"line":503,"column":12},"end":{"line":503,"column":76}},"154":{"start":{"line":505,"column":12},"end":{"line":505,"column":30}},"155":{"start":{"line":507,"column":12},"end":{"line":507,"column":31}},"156":{"start":{"line":513,"column":8},"end":{"line":513,"column":53}},"157":{"start":{"line":517,"column":8},"end":{"line":517,"column":91}},"158":{"start":{"line":521,"column":8},"end":{"line":521,"column":40}},"159":{"start":{"line":523,"column":8},"end":{"line":523,"column":17847}},"160":{"start":{"line":524,"column":12},"end":{"line":524,"column":61}},"161":{"start":{"line":525,"column":12},"end":{"line":525,"column":39}},"162":{"start":{"line":526,"column":12},"end":{"line":526,"column":18023}},"163":{"start":{"line":527,"column":16},"end":{"line":527,"column":89}},"164":{"start":{"line":528,"column":16},"end":{"line":528,"column":54}},"165":{"start":{"line":529,"column":16},"end":{"line":529,"column":69}},"166":{"start":{"line":530,"column":16},"end":{"line":530,"column":33}},"167":{"start":{"line":533,"column":8},"end":{"line":533,"column":18323}},"168":{"start":{"line":535,"column":12},"end":{"line":535,"column":18494}},"169":{"start":{"line":542,"column":8},"end":{"line":542,"column":54}},"170":{"start":{"line":546,"column":8},"end":{"line":546,"column":18791}},"171":{"start":{"line":547,"column":12},"end":{"line":547,"column":61}},"172":{"start":{"line":548,"column":12},"end":{"line":548,"column":39}},"173":{"start":{"line":549,"column":12},"end":{"line":549,"column":18967}},"174":{"start":{"line":550,"column":16},"end":{"line":550,"column":52}},"175":{"start":{"line":551,"column":16},"end":{"line":551,"column":33}},"176":{"start":{"line":555,"column":8},"end":{"line":555,"column":55}},"177":{"start":{"line":559,"column":8},"end":{"line":559,"column":62}},"178":{"start":{"line":561,"column":8},"end":{"line":561,"column":19302}},"179":{"start":{"line":562,"column":12},"end":{"line":562,"column":73}},"180":{"start":{"line":563,"column":12},"end":{"line":563,"column":60}},"181":{"start":{"line":564,"column":12},"end":{"line":564,"column":56}},"182":{"start":{"line":567,"column":8},"end":{"line":567,"column":31}}},"branchMap":{"1":{"line":23,"type":"if","locations":[{"start":{"line":23,"column":8},"end":{"line":23,"column":8}},{"start":{"line":23,"column":8},"end":{"line":23,"column":8}}]},"2":{"line":28,"type":"if","locations":[{"start":{"line":28,"column":8},"end":{"line":28,"column":8}},{"start":{"line":28,"column":8},"end":{"line":28,"column":8}}]},"3":{"line":207,"type":"if","locations":[{"start":{"line":207,"column":8},"end":{"line":207,"column":8}},{"start":{"line":207,"column":8},"end":{"line":207,"column":8}}]},"4":{"line":211,"type":"if","locations":[{"start":{"line":211,"column":8},"end":{"line":211,"column":8}},{"start":{"line":211,"column":8},"end":{"line":211,"column":8}}]},"5":{"line":216,"type":"if","locations":[{"start":{"line":216,"column":13},"end":{"line":216,"column":13}},{"start":{"line":216,"column":13},"end":{"line":216,"column":13}}]},"6":{"line":217,"type":"if","locations":[{"start":{"line":217,"column":12},"end":{"line":217,"column":12}},{"start":{"line":217,"column":12},"end":{"line":217,"column":12}}]},"7":{"line":240,"type":"if","locations":[{"start":{"line":240,"column":8},"end":{"line":240,"column":8}},{"start":{"line":240,"column":8},"end":{"line":240,"column":8}}]},"8":{"line":242,"type":"if","locations":[{"start":{"line":242,"column":8},"end":{"line":242,"column":8}},{"start":{"line":242,"column":8},"end":{"line":242,"column":8}}]},"9":{"line":280,"type":"if","locations":[{"start":{"line":280,"column":8},"end":{"line":280,"column":8}},{"start":{"line":280,"column":8},"end":{"line":280,"column":8}}]},"10":{"line":292,"type":"if","locations":[{"start":{"line":292,"column":8},"end":{"line":292,"column":8}},{"start":{"line":292,"column":8},"end":{"line":292,"column":8}}]},"11":{"line":301,"type":"if","locations":[{"start":{"line":301,"column":8},"end":{"line":301,"column":8}},{"start":{"line":301,"column":8},"end":{"line":301,"column":8}}]},"12":{"line":304,"type":"if","locations":[{"start":{"line":304,"column":8},"end":{"line":304,"column":8}},{"start":{"line":304,"column":8},"end":{"line":304,"column":8}}]},"13":{"line":316,"type":"if","locations":[{"start":{"line":316,"column":8},"end":{"line":316,"column":8}},{"start":{"line":316,"column":8},"end":{"line":316,"column":8}}]},"14":{"line":319,"type":"if","locations":[{"start":{"line":319,"column":8},"end":{"line":319,"column":8}},{"start":{"line":319,"column":8},"end":{"line":319,"column":8}}]},"15":{"line":322,"type":"if","locations":[{"start":{"line":322,"column":8},"end":{"line":322,"column":8}},{"start":{"line":322,"column":8},"end":{"line":322,"column":8}}]},"16":{"line":330,"type":"if","locations":[{"start":{"line":330,"column":8},"end":{"line":330,"column":8}},{"start":{"line":330,"column":8},"end":{"line":330,"column":8}}]},"17":{"line":335,"type":"if","locations":[{"start":{"line":335,"column":12},"end":{"line":335,"column":12}},{"start":{"line":335,"column":12},"end":{"line":335,"column":12}}]},"18":{"line":354,"type":"if","locations":[{"start":{"line":354,"column":8},"end":{"line":354,"column":8}},{"start":{"line":354,"column":8},"end":{"line":354,"column":8}}]},"19":{"line":370,"type":"if","locations":[{"start":{"line":370,"column":8},"end":{"line":370,"column":8}},{"start":{"line":370,"column":8},"end":{"line":370,"column":8}}]},"20":{"line":375,"type":"if","locations":[{"start":{"line":375,"column":8},"end":{"line":375,"column":8}},{"start":{"line":375,"column":8},"end":{"line":375,"column":8}}]},"21":{"line":381,"type":"if","locations":[{"start":{"line":381,"column":12},"end":{"line":381,"column":12}},{"start":{"line":381,"column":12},"end":{"line":381,"column":12}}]},"22":{"line":405,"type":"if","locations":[{"start":{"line":405,"column":8},"end":{"line":405,"column":8}},{"start":{"line":405,"column":8},"end":{"line":405,"column":8}}]},"23":{"line":406,"type":"if","locations":[{"start":{"line":406,"column":12},"end":{"line":406,"column":12}},{"start":{"line":406,"column":12},"end":{"line":406,"column":12}}]},"24":{"line":425,"type":"if","locations":[{"start":{"line":425,"column":12},"end":{"line":425,"column":12}},{"start":{"line":425,"column":12},"end":{"line":425,"column":12}}]},"25":{"line":442,"type":"if","locations":[{"start":{"line":442,"column":8},"end":{"line":442,"column":8}},{"start":{"line":442,"column":8},"end":{"line":442,"column":8}}]},"26":{"line":444,"type":"if","locations":[{"start":{"line":444,"column":8},"end":{"line":444,"column":8}},{"start":{"line":444,"column":8},"end":{"line":444,"column":8}}]},"27":{"line":446,"type":"if","locations":[{"start":{"line":446,"column":8},"end":{"line":446,"column":8}},{"start":{"line":446,"column":8},"end":{"line":446,"column":8}}]},"28":{"line":448,"type":"if","locations":[{"start":{"line":448,"column":8},"end":{"line":448,"column":8}},{"start":{"line":448,"column":8},"end":{"line":448,"column":8}}]},"29":{"line":458,"type":"if","locations":[{"start":{"line":458,"column":8},"end":{"line":458,"column":8}},{"start":{"line":458,"column":8},"end":{"line":458,"column":8}}]},"30":{"line":483,"type":"if","locations":[{"start":{"line":483,"column":12},"end":{"line":483,"column":12}},{"start":{"line":483,"column":12},"end":{"line":483,"column":12}}]},"31":{"line":493,"type":"if","locations":[{"start":{"line":493,"column":8},"end":{"line":493,"column":8}},{"start":{"line":493,"column":8},"end":{"line":493,"column":8}}]},"32":{"line":499,"type":"if","locations":[{"start":{"line":499,"column":8},"end":{"line":499,"column":8}},{"start":{"line":499,"column":8},"end":{"line":499,"column":8}}]},"33":{"line":526,"type":"if","locations":[{"start":{"line":526,"column":12},"end":{"line":526,"column":12}},{"start":{"line":526,"column":12},"end":{"line":526,"column":12}}]},"34":{"line":533,"type":"if","locations":[{"start":{"line":533,"column":8},"end":{"line":533,"column":8}},{"start":{"line":533,"column":8},"end":{"line":533,"column":8}}]},"35":{"line":549,"type":"if","locations":[{"start":{"line":549,"column":12},"end":{"line":549,"column":12}},{"start":{"line":549,"column":12},"end":{"line":549,"column":12}}]},"36":{"line":559,"type":"if","locations":[{"start":{"line":559,"column":8},"end":{"line":559,"column":8}},{"start":{"line":559,"column":8},"end":{"line":559,"column":8}}]},"37":{"line":561,"type":"if","locations":[{"start":{"line":561,"column":8},"end":{"line":561,"column":8}},{"start":{"line":561,"column":8},"end":{"line":561,"column":8}}]}}},"contracts/SmartBondMultipleInvestors.sol":{"l":{"23":0,"24":0,"28":0,"29":0,"30":0,"170":36,"172":36,"173":36,"174":36,"176":36,"178":36,"179":36,"180":36,"182":36,"183":36,"184":36,"186":36,"190":36,"194":36,"196":36,"198":36,"199":36,"200":36,"202":36,"203":36,"204":36,"206":36,"208":36,"210":36,"211":36,"215":118,"216":6,"219":112,"220":60,"221":33,"224":27,"228":51,"231":1,"237":1,"241":230,"245":9,"246":9,"248":6,"250":4,"251":4,"253":3,"255":3,"260":92,"262":91,"267":56,"269":56,"274":33,"279":135,"284":38,"285":38,"287":38,"288":6,"291":38,"295":51,"299":51,"300":2,"303":49,"308":8,"312":6,"315":5,"318":3,"320":3,"321":2,"322":2,"323":2,"324":2,"327":3,"328":3,"330":3,"331":3,"336":11,"339":10,"342":9,"344":8,"347":8,"348":8,"350":8,"351":3,"352":3,"355":5,"356":1,"361":1,"366":4,"368":4,"374":8,"375":1,"376":1,"379":8,"380":8,"383":8,"384":8,"386":8,"390":51,"391":51,"393":50,"394":50,"396":50,"398":50,"399":50,"400":50,"401":50,"402":50,"404":50,"405":1,"408":49,"410":49,"411":49,"413":1,"417":0,"418":0,"419":0,"421":0,"423":0,"424":0,"425":0,"429":48,"431":48,"433":48,"435":48,"436":47,"437":47,"438":47,"440":47,"441":47,"444":1,"447":1,"451":48,"452":48,"454":48,"456":48,"457":48,"459":48,"462":48,"464":24,"465":24,"466":24,"467":24,"468":24,"469":24,"471":24,"472":24,"473":42,"478":42,"480":42,"483":24,"485":0,"489":24,"494":42,"496":42,"500":33,"501":33,"502":33,"504":33,"506":33,"508":33,"514":27,"516":26,"518":25,"520":25,"521":25,"523":25,"524":25,"526":25,"527":1,"531":1,"532":1,"533":1,"535":1,"536":1,"539":24,"542":25,"543":25,"544":25,"545":25,"546":25,"548":25,"549":25,"550":25,"551":44,"552":42,"556":42,"557":42,"558":42,"561":25,"563":0,"567":25,"569":9,"570":9,"571":9,"573":9,"575":9,"580":42,"581":42,"585":148,"589":8,"590":8,"591":8,"592":14,"593":14,"594":14,"595":14,"596":14,"597":14,"598":14,"601":8,"603":0,"609":14,"610":14,"614":17,"615":30,"616":30,"617":30,"618":29,"619":29,"623":17,"627":74,"629":73,"630":44,"631":44,"632":44,"635":73},"path":"/private/etc/Work1/ethereum/capexmove/Demo/smartbond-impl/contracts/SmartBondMultipleInvestors.sol","s":{"1":0,"2":0,"3":0,"4":0,"5":36,"6":36,"7":36,"8":36,"9":36,"10":36,"11":36,"12":36,"13":36,"14":36,"15":36,"16":36,"17":36,"18":36,"19":36,"20":36,"21":36,"22":36,"23":36,"24":36,"25":36,"26":36,"27":36,"28":36,"29":118,"30":6,"31":112,"32":60,"33":33,"34":27,"35":52,"36":51,"37":1,"38":1,"39":230,"40":9,"41":9,"42":6,"43":4,"44":4,"45":3,"46":3,"47":92,"48":91,"49":56,"50":56,"51":33,"52":135,"53":38,"54":38,"55":38,"56":6,"57":38,"58":51,"59":51,"60":2,"61":49,"62":8,"63":6,"64":5,"65":3,"66":3,"67":2,"68":2,"69":2,"70":3,"71":3,"72":3,"73":11,"74":10,"75":9,"76":8,"77":8,"78":3,"79":3,"80":5,"81":1,"82":1,"83":4,"84":4,"85":8,"86":1,"87":8,"88":8,"89":8,"90":8,"91":8,"92":51,"93":51,"94":50,"95":50,"96":50,"97":50,"98":50,"99":50,"100":50,"101":1,"102":49,"103":49,"104":49,"105":1,"106":0,"107":0,"108":0,"109":0,"110":0,"111":0,"112":48,"113":48,"114":48,"115":48,"116":47,"117":47,"118":47,"119":47,"120":47,"121":1,"122":1,"123":48,"124":48,"125":48,"126":48,"127":48,"128":48,"129":48,"130":24,"131":24,"132":24,"133":24,"134":24,"135":24,"136":24,"137":42,"138":42,"139":42,"140":24,"141":0,"142":24,"143":42,"144":42,"145":33,"146":33,"147":33,"148":33,"149":33,"150":33,"151":27,"152":26,"153":25,"154":25,"155":25,"156":25,"157":25,"158":1,"159":1,"160":1,"161":1,"162":1,"163":24,"164":25,"165":25,"166":25,"167":25,"168":25,"169":25,"170":25,"171":44,"172":42,"173":42,"174":42,"175":42,"176":25,"177":0,"178":25,"179":9,"180":9,"181":9,"182":9,"183":42,"184":148,"185":8,"186":8,"187":14,"188":14,"189":14,"190":14,"191":14,"192":14,"193":14,"194":8,"195":0,"196":14,"197":17,"198":30,"199":30,"200":30,"201":29,"202":29,"203":17,"204":74,"205":73,"206":44,"207":44,"208":44,"209":73},"b":{"1":[0,0],"2":[0,0],"3":[6,112],"4":[60,52],"5":[33,27],"6":[51,1],"7":[6,3],"8":[4,2],"9":[6,32],"10":[2,49],"11":[6,2],"12":[5,1],"13":[3,2],"14":[3,0],"15":[10,1],"16":[9,1],"17":[8,1],"18":[3,5],"19":[1,4],"20":[1,7],"21":[51,0],"22":[50,1],"23":[50,0],"24":[1,49],"25":[1,48],"26":[0,0],"27":[47,1],"28":[24,24],"29":[0,24],"30":[26,1],"31":[25,1],"32":[1,24],"33":[42,2],"34":[0,25],"35":[9,16],"36":[14,0],"37":[0,8],"38":[29,1],"39":[73,1],"40":[44,29]},"f":{"1":0,"2":0,"3":36,"4":118,"5":1,"6":230,"7":9,"8":92,"9":56,"10":33,"11":135,"12":38,"13":51,"14":8,"15":11,"16":51,"17":42,"18":33,"19":27,"20":42,"21":148,"22":8,"23":14,"24":17,"25":74},"fnMap":{"1":{"name":"onlyOwner","line":22,"loc":{"start":{"line":22,"column":4},"end":{"line":22,"column":22}}},"2":{"name":"transferOwnership","line":27,"loc":{"start":{"line":27,"column":4},"end":{"line":27,"column":63}}},"3":{"name":null,"line":149,"loc":{"start":{"line":149,"column":4},"end":{"line":169,"column":12}}},"4":{"name":null,"line":214,"loc":{"start":{"line":214,"column":4},"end":{"line":214,"column":27}}},"5":{"name":"totalSupply","line":236,"loc":{"start":{"line":236,"column":4},"end":{"line":236,"column":54}}},"6":{"name":"balanceOf","line":240,"loc":{"start":{"line":240,"column":4},"end":{"line":240,"column":69}}},"7":{"name":"transfer","line":244,"loc":{"start":{"line":244,"column":4},"end":{"line":244,"column":70}}},"8":{"name":"getMinAmountOfCollateralWei","line":259,"loc":{"start":{"line":259,"column":4},"end":{"line":259,"column":70}}},"9":{"name":"getDefaultStateAmountOfCollateralWei","line":266,"loc":{"start":{"line":266,"column":4},"end":{"line":266,"column":79}}},"10":{"name":"isRepaymentDeadlineMissed","line":273,"loc":{"start":{"line":273,"column":4},"end":{"line":273,"column":65}}},"11":{"name":"isMarginCall","line":278,"loc":{"start":{"line":278,"column":4},"end":{"line":278,"column":52}}},"12":{"name":"getAmountToBeRepaidToTheMomentInCurrency","line":283,"loc":{"start":{"line":283,"column":4},"end":{"line":283,"column":80}}},"13":{"name":"getNumberOfExpiredCouponPayments","line":294,"loc":{"start":{"line":294,"column":4},"end":{"line":294,"column":72}}},"14":{"name":"withdrawFunds","line":306,"loc":{"start":{"line":306,"column":4},"end":{"line":306,"column":50}}},"15":{"name":"setDefaultState","line":334,"loc":{"start":{"line":334,"column":4},"end":{"line":334,"column":60}}},"16":{"name":"transferLoanFromInvestor","line":389,"loc":{"start":{"line":389,"column":4},"end":{"line":389,"column":59}}},"17":{"name":"transferDebtTokensToInvestor","line":493,"loc":{"start":{"line":493,"column":4},"end":{"line":493,"column":90}}},"18":{"name":"transferCollateralWeiFromBondIssuer","line":499,"loc":{"start":{"line":499,"column":4},"end":{"line":499,"column":70}}},"19":{"name":"repayLoanToInvestors","line":511,"loc":{"start":{"line":511,"column":4},"end":{"line":512,"column":14}}},"20":{"name":"transferLoanToInvestor","line":579,"loc":{"start":{"line":579,"column":4},"end":{"line":579,"column":71}}},"21":{"name":"convertLoanToAmountWei","line":584,"loc":{"start":{"line":584,"column":4},"end":{"line":584,"column":67}}},"22":{"name":"distributeCollateral","line":588,"loc":{"start":{"line":588,"column":4},"end":{"line":588,"column":72}}},"23":{"name":"transferCollateralToInvestor","line":608,"loc":{"start":{"line":608,"column":4},"end":{"line":608,"column":77}}},"24":{"name":"destroyDebtTokens","line":613,"loc":{"start":{"line":613,"column":4},"end":{"line":613,"column":39}}},"25":{"name":"registerBalance","line":626,"loc":{"start":{"line":626,"column":4},"end":{"line":626,"column":66}}}},"statementMap":{"1":{"start":{"line":23,"column":8},"end":{"line":23,"column":35}},"2":{"start":{"line":28,"column":8},"end":{"line":28,"column":38}},"3":{"start":{"line":29,"column":8},"end":{"line":29,"column":50}},"4":{"start":{"line":30,"column":8},"end":{"line":30,"column":23}},"5":{"start":{"line":170,"column":8},"end":{"line":170,"column":25}},"6":{"start":{"line":172,"column":8},"end":{"line":172,"column":37}},"7":{"start":{"line":173,"column":8},"end":{"line":173,"column":43}},"8":{"start":{"line":174,"column":8},"end":{"line":174,"column":67}},"9":{"start":{"line":176,"column":8},"end":{"line":176,"column":27}},"10":{"start":{"line":178,"column":8},"end":{"line":178,"column":57}},"11":{"start":{"line":179,"column":8},"end":{"line":179,"column":78}},"12":{"start":{"line":180,"column":8},"end":{"line":180,"column":39}},"13":{"start":{"line":182,"column":8},"end":{"line":182,"column":55}},"14":{"start":{"line":183,"column":8},"end":{"line":183,"column":67}},"15":{"start":{"line":184,"column":8},"end":{"line":184,"column":57}},"16":{"start":{"line":186,"column":8},"end":{"line":186,"column":4940}},"17":{"start":{"line":190,"column":8},"end":{"line":190,"column":5061}},"18":{"start":{"line":194,"column":8},"end":{"line":194,"column":39}},"19":{"start":{"line":196,"column":8},"end":{"line":196,"column":49}},"20":{"start":{"line":198,"column":8},"end":{"line":198,"column":45}},"21":{"start":{"line":199,"column":8},"end":{"line":199,"column":31}},"22":{"start":{"line":202,"column":8},"end":{"line":202,"column":19}},"23":{"start":{"line":203,"column":8},"end":{"line":203,"column":23}},"24":{"start":{"line":204,"column":8},"end":{"line":204,"column":45}},"25":{"start":{"line":206,"column":8},"end":{"line":206,"column":75}},"26":{"start":{"line":208,"column":8},"end":{"line":208,"column":56}},"27":{"start":{"line":210,"column":8},"end":{"line":210,"column":53}},"28":{"start":{"line":211,"column":8},"end":{"line":211,"column":60}},"29":{"start":{"line":215,"column":8},"end":{"line":215,"column":5794}},"30":{"start":{"line":216,"column":12},"end":{"line":216,"column":19}},"31":{"start":{"line":219,"column":8},"end":{"line":219,"column":5871}},"32":{"start":{"line":220,"column":12},"end":{"line":220,"column":5926}},"33":{"start":{"line":221,"column":16},"end":{"line":221,"column":61}},"34":{"start":{"line":224,"column":16},"end":{"line":224,"column":46}},"35":{"start":{"line":227,"column":13},"end":{"line":227,"column":6190}},"36":{"start":{"line":228,"column":12},"end":{"line":228,"column":46}},"37":{"start":{"line":231,"column":12},"end":{"line":231,"column":19}},"38":{"start":{"line":237,"column":8},"end":{"line":237,"column":38}},"39":{"start":{"line":241,"column":8},"end":{"line":241,"column":31}},"40":{"start":{"line":245,"column":8},"end":{"line":245,"column":41}},"41":{"start":{"line":246,"column":8},"end":{"line":246,"column":43}},"42":{"start":{"line":248,"column":8},"end":{"line":248,"column":57}},"43":{"start":{"line":250,"column":8},"end":{"line":250,"column":51}},"44":{"start":{"line":251,"column":8},"end":{"line":251,"column":54}},"45":{"start":{"line":253,"column":8},"end":{"line":253,"column":46}},"46":{"start":{"line":255,"column":8},"end":{"line":255,"column":19}},"47":{"start":{"line":260,"column":8},"end":{"line":260,"column":60}},"48":{"start":{"line":262,"column":8},"end":{"line":262,"column":7284}},"49":{"start":{"line":267,"column":8},"end":{"line":267,"column":60}},"50":{"start":{"line":269,"column":8},"end":{"line":269,"column":7549}},"51":{"start":{"line":274,"column":8},"end":{"line":274,"column":7724}},"52":{"start":{"line":279,"column":8},"end":{"line":279,"column":7936}},"53":{"start":{"line":284,"column":8},"end":{"line":284,"column":61}},"54":{"start":{"line":285,"column":8},"end":{"line":285,"column":82}},"55":{"start":{"line":287,"column":8},"end":{"line":287,"column":8263}},"56":{"start":{"line":288,"column":12},"end":{"line":288,"column":95}},"57":{"start":{"line":291,"column":8},"end":{"line":291,"column":41}},"58":{"start":{"line":295,"column":8},"end":{"line":295,"column":8585}},"59":{"start":{"line":299,"column":8},"end":{"line":299,"column":8687}},"60":{"start":{"line":300,"column":12},"end":{"line":300,"column":41}},"61":{"start":{"line":303,"column":8},"end":{"line":303,"column":44}},"62":{"start":{"line":308,"column":8},"end":{"line":308,"column":9060}},"63":{"start":{"line":312,"column":8},"end":{"line":312,"column":41}},"64":{"start":{"line":315,"column":8},"end":{"line":315,"column":82}},"65":{"start":{"line":318,"column":8},"end":{"line":318,"column":71}},"66":{"start":{"line":320,"column":8},"end":{"line":320,"column":9463}},"67":{"start":{"line":321,"column":12},"end":{"line":321,"column":61}},"68":{"start":{"line":322,"column":12},"end":{"line":322,"column":85}},"69":{"start":{"line":324,"column":12},"end":{"line":324,"column":59}},"70":{"start":{"line":328,"column":8},"end":{"line":328,"column":95}},"71":{"start":{"line":330,"column":8},"end":{"line":330,"column":34}},"72":{"start":{"line":331,"column":8},"end":{"line":331,"column":73}},"73":{"start":{"line":336,"column":8},"end":{"line":336,"column":28}},"74":{"start":{"line":339,"column":8},"end":{"line":339,"column":41}},"75":{"start":{"line":342,"column":8},"end":{"line":342,"column":61}},"76":{"start":{"line":344,"column":8},"end":{"line":344,"column":71}},"77":{"start":{"line":350,"column":8},"end":{"line":350,"column":10734}},"78":{"start":{"line":351,"column":12},"end":{"line":351,"column":58}},"79":{"start":{"line":352,"column":12},"end":{"line":352,"column":77}},"80":{"start":{"line":355,"column":12},"end":{"line":355,"column":10972}},"81":{"start":{"line":356,"column":16},"end":{"line":356,"column":11094}},"82":{"start":{"line":361,"column":16},"end":{"line":361,"column":11355}},"83":{"start":{"line":366,"column":16},"end":{"line":366,"column":84}},"84":{"start":{"line":368,"column":16},"end":{"line":368,"column":11641}},"85":{"start":{"line":374,"column":8},"end":{"line":374,"column":11770}},"86":{"start":{"line":376,"column":12},"end":{"line":376,"column":104}},"87":{"start":{"line":379,"column":8},"end":{"line":379,"column":71}},"88":{"start":{"line":380,"column":8},"end":{"line":380,"column":26}},"89":{"start":{"line":383,"column":8},"end":{"line":383,"column":25}},"90":{"start":{"line":384,"column":8},"end":{"line":384,"column":40}},"91":{"start":{"line":386,"column":8},"end":{"line":386,"column":19}},"92":{"start":{"line":390,"column":8},"end":{"line":390,"column":31}},"93":{"start":{"line":391,"column":8},"end":{"line":391,"column":70}},"94":{"start":{"line":393,"column":8},"end":{"line":393,"column":84}},"95":{"start":{"line":394,"column":8},"end":{"line":394,"column":12583}},"96":{"start":{"line":396,"column":8},"end":{"line":396,"column":94}},"97":{"start":{"line":400,"column":8},"end":{"line":400,"column":12828}},"98":{"start":{"line":401,"column":12},"end":{"line":401,"column":43}},"99":{"start":{"line":402,"column":12},"end":{"line":402,"column":73}},"100":{"start":{"line":404,"column":12},"end":{"line":404,"column":13007}},"101":{"start":{"line":405,"column":16},"end":{"line":405,"column":45}},"102":{"start":{"line":408,"column":12},"end":{"line":408,"column":107}},"103":{"start":{"line":410,"column":12},"end":{"line":410,"column":114}},"104":{"start":{"line":411,"column":12},"end":{"line":411,"column":13373}},"105":{"start":{"line":413,"column":16},"end":{"line":413,"column":45}},"106":{"start":{"line":417,"column":12},"end":{"line":417,"column":61}},"107":{"start":{"line":418,"column":12},"end":{"line":418,"column":71}},"108":{"start":{"line":419,"column":12},"end":{"line":419,"column":66}},"109":{"start":{"line":421,"column":12},"end":{"line":421,"column":72}},"110":{"start":{"line":423,"column":12},"end":{"line":423,"column":13882}},"111":{"start":{"line":425,"column":16},"end":{"line":425,"column":77}},"112":{"start":{"line":429,"column":8},"end":{"line":429,"column":88}},"113":{"start":{"line":431,"column":8},"end":{"line":431,"column":75}},"114":{"start":{"line":433,"column":8},"end":{"line":433,"column":99}},"115":{"start":{"line":435,"column":8},"end":{"line":435,"column":14380}},"116":{"start":{"line":436,"column":12},"end":{"line":436,"column":63}},"117":{"start":{"line":437,"column":12},"end":{"line":437,"column":44}},"118":{"start":{"line":438,"column":12},"end":{"line":438,"column":14568}},"119":{"start":{"line":440,"column":12},"end":{"line":440,"column":96}},"120":{"start":{"line":441,"column":12},"end":{"line":441,"column":71}},"121":{"start":{"line":444,"column":12},"end":{"line":444,"column":14911}},"122":{"start":{"line":447,"column":12},"end":{"line":447,"column":15092}},"123":{"start":{"line":451,"column":8},"end":{"line":451,"column":74}},"124":{"start":{"line":452,"column":8},"end":{"line":452,"column":15283}},"125":{"start":{"line":454,"column":8},"end":{"line":454,"column":15402}},"126":{"start":{"line":456,"column":8},"end":{"line":456,"column":91}},"127":{"start":{"line":457,"column":8},"end":{"line":457,"column":88}},"128":{"start":{"line":459,"column":8},"end":{"line":459,"column":73}},"129":{"start":{"line":462,"column":8},"end":{"line":462,"column":15803}},"130":{"start":{"line":464,"column":12},"end":{"line":464,"column":55}},"131":{"start":{"line":465,"column":12},"end":{"line":465,"column":78}},"132":{"start":{"line":466,"column":12},"end":{"line":466,"column":62}},"133":{"start":{"line":467,"column":12},"end":{"line":467,"column":59}},"134":{"start":{"line":469,"column":12},"end":{"line":469,"column":86}},"135":{"start":{"line":471,"column":12},"end":{"line":471,"column":57}},"136":{"start":{"line":472,"column":12},"end":{"line":472,"column":16441}},"137":{"start":{"line":473,"column":16},"end":{"line":473,"column":16540}},"138":{"start":{"line":478,"column":16},"end":{"line":478,"column":102}},"139":{"start":{"line":480,"column":16},"end":{"line":480,"column":16932}},"140":{"start":{"line":483,"column":12},"end":{"line":483,"column":17010}},"141":{"start":{"line":485,"column":16},"end":{"line":485,"column":17217}},"142":{"start":{"line":489,"column":12},"end":{"line":489,"column":44}},"143":{"start":{"line":494,"column":8},"end":{"line":494,"column":48}},"144":{"start":{"line":496,"column":8},"end":{"line":496,"column":62}},"145":{"start":{"line":500,"column":8},"end":{"line":500,"column":71}},"146":{"start":{"line":501,"column":8},"end":{"line":501,"column":72}},"147":{"start":{"line":502,"column":8},"end":{"line":502,"column":17897}},"148":{"start":{"line":504,"column":8},"end":{"line":504,"column":77}},"149":{"start":{"line":506,"column":8},"end":{"line":506,"column":83}},"150":{"start":{"line":508,"column":8},"end":{"line":508,"column":64}},"151":{"start":{"line":514,"column":8},"end":{"line":514,"column":56}},"152":{"start":{"line":516,"column":8},"end":{"line":516,"column":25}},"153":{"start":{"line":518,"column":8},"end":{"line":518,"column":53}},"154":{"start":{"line":520,"column":8},"end":{"line":520,"column":84}},"155":{"start":{"line":521,"column":8},"end":{"line":521,"column":63}},"156":{"start":{"line":523,"column":8},"end":{"line":523,"column":87}},"157":{"start":{"line":526,"column":8},"end":{"line":526,"column":18760}},"158":{"start":{"line":527,"column":12},"end":{"line":527,"column":18868}},"159":{"start":{"line":531,"column":12},"end":{"line":531,"column":84}},"160":{"start":{"line":532,"column":12},"end":{"line":532,"column":63}},"161":{"start":{"line":533,"column":12},"end":{"line":533,"column":61}},"162":{"start":{"line":536,"column":12},"end":{"line":536,"column":80}},"163":{"start":{"line":539,"column":12},"end":{"line":539,"column":39}},"164":{"start":{"line":542,"column":8},"end":{"line":542,"column":76}},"165":{"start":{"line":543,"column":8},"end":{"line":543,"column":68}},"166":{"start":{"line":544,"column":8},"end":{"line":544,"column":65}},"167":{"start":{"line":545,"column":8},"end":{"line":545,"column":42}},"168":{"start":{"line":546,"column":8},"end":{"line":546,"column":58}},"169":{"start":{"line":548,"column":8},"end":{"line":548,"column":40}},"170":{"start":{"line":550,"column":8},"end":{"line":550,"column":19788}},"171":{"start":{"line":551,"column":12},"end":{"line":551,"column":19858}},"172":{"start":{"line":552,"column":16},"end":{"line":552,"column":19962}},"173":{"start":{"line":556,"column":16},"end":{"line":556,"column":79}},"174":{"start":{"line":557,"column":16},"end":{"line":557,"column":69}},"175":{"start":{"line":558,"column":16},"end":{"line":558,"column":64}},"176":{"start":{"line":561,"column":8},"end":{"line":561,"column":20346}},"177":{"start":{"line":563,"column":12},"end":{"line":563,"column":95}},"178":{"start":{"line":567,"column":8},"end":{"line":567,"column":20597}},"179":{"start":{"line":569,"column":12},"end":{"line":569,"column":58}},"180":{"start":{"line":571,"column":12},"end":{"line":571,"column":76}},"181":{"start":{"line":573,"column":12},"end":{"line":573,"column":30}},"182":{"start":{"line":575,"column":12},"end":{"line":575,"column":31}},"183":{"start":{"line":581,"column":8},"end":{"line":581,"column":53}},"184":{"start":{"line":585,"column":8},"end":{"line":585,"column":91}},"185":{"start":{"line":589,"column":8},"end":{"line":589,"column":40}},"186":{"start":{"line":591,"column":8},"end":{"line":591,"column":21499}},"187":{"start":{"line":592,"column":12},"end":{"line":592,"column":61}},"188":{"start":{"line":593,"column":12},"end":{"line":593,"column":39}},"189":{"start":{"line":594,"column":12},"end":{"line":594,"column":21675}},"190":{"start":{"line":595,"column":16},"end":{"line":595,"column":89}},"191":{"start":{"line":596,"column":16},"end":{"line":596,"column":54}},"192":{"start":{"line":597,"column":16},"end":{"line":597,"column":69}},"193":{"start":{"line":598,"column":16},"end":{"line":598,"column":33}},"194":{"start":{"line":601,"column":8},"end":{"line":601,"column":21975}},"195":{"start":{"line":603,"column":12},"end":{"line":603,"column":22146}},"196":{"start":{"line":610,"column":8},"end":{"line":610,"column":54}},"197":{"start":{"line":614,"column":8},"end":{"line":614,"column":22443}},"198":{"start":{"line":615,"column":12},"end":{"line":615,"column":61}},"199":{"start":{"line":616,"column":12},"end":{"line":616,"column":39}},"200":{"start":{"line":617,"column":12},"end":{"line":617,"column":22619}},"201":{"start":{"line":618,"column":16},"end":{"line":618,"column":52}},"202":{"start":{"line":619,"column":16},"end":{"line":619,"column":33}},"203":{"start":{"line":623,"column":8},"end":{"line":623,"column":55}},"204":{"start":{"line":627,"column":8},"end":{"line":627,"column":62}},"205":{"start":{"line":629,"column":8},"end":{"line":629,"column":22954}},"206":{"start":{"line":630,"column":12},"end":{"line":630,"column":73}},"207":{"start":{"line":631,"column":12},"end":{"line":631,"column":60}},"208":{"start":{"line":632,"column":12},"end":{"line":632,"column":56}},"209":{"start":{"line":635,"column":8},"end":{"line":635,"column":31}}},"branchMap":{"1":{"line":23,"type":"if","locations":[{"start":{"line":23,"column":8},"end":{"line":23,"column":8}},{"start":{"line":23,"column":8},"end":{"line":23,"column":8}}]},"2":{"line":28,"type":"if","locations":[{"start":{"line":28,"column":8},"end":{"line":28,"column":8}},{"start":{"line":28,"column":8},"end":{"line":28,"column":8}}]},"3":{"line":215,"type":"if","locations":[{"start":{"line":215,"column":8},"end":{"line":215,"column":8}},{"start":{"line":215,"column":8},"end":{"line":215,"column":8}}]},"4":{"line":219,"type":"if","locations":[{"start":{"line":219,"column":8},"end":{"line":219,"column":8}},{"start":{"line":219,"column":8},"end":{"line":219,"column":8}}]},"5":{"line":220,"type":"if","locations":[{"start":{"line":220,"column":12},"end":{"line":220,"column":12}},{"start":{"line":220,"column":12},"end":{"line":220,"column":12}}]},"6":{"line":227,"type":"if","locations":[{"start":{"line":227,"column":13},"end":{"line":227,"column":13}},{"start":{"line":227,"column":13},"end":{"line":227,"column":13}}]},"7":{"line":246,"type":"if","locations":[{"start":{"line":246,"column":8},"end":{"line":246,"column":8}},{"start":{"line":246,"column":8},"end":{"line":246,"column":8}}]},"8":{"line":248,"type":"if","locations":[{"start":{"line":248,"column":8},"end":{"line":248,"column":8}},{"start":{"line":248,"column":8},"end":{"line":248,"column":8}}]},"9":{"line":287,"type":"if","locations":[{"start":{"line":287,"column":8},"end":{"line":287,"column":8}},{"start":{"line":287,"column":8},"end":{"line":287,"column":8}}]},"10":{"line":299,"type":"if","locations":[{"start":{"line":299,"column":8},"end":{"line":299,"column":8}},{"start":{"line":299,"column":8},"end":{"line":299,"column":8}}]},"11":{"line":308,"type":"if","locations":[{"start":{"line":308,"column":8},"end":{"line":308,"column":8}},{"start":{"line":308,"column":8},"end":{"line":308,"column":8}}]},"12":{"line":312,"type":"if","locations":[{"start":{"line":312,"column":8},"end":{"line":312,"column":8}},{"start":{"line":312,"column":8},"end":{"line":312,"column":8}}]},"13":{"line":315,"type":"if","locations":[{"start":{"line":315,"column":8},"end":{"line":315,"column":8}},{"start":{"line":315,"column":8},"end":{"line":315,"column":8}}]},"14":{"line":318,"type":"if","locations":[{"start":{"line":318,"column":8},"end":{"line":318,"column":8}},{"start":{"line":318,"column":8},"end":{"line":318,"column":8}}]},"15":{"line":336,"type":"if","locations":[{"start":{"line":336,"column":8},"end":{"line":336,"column":8}},{"start":{"line":336,"column":8},"end":{"line":336,"column":8}}]},"16":{"line":339,"type":"if","locations":[{"start":{"line":339,"column":8},"end":{"line":339,"column":8}},{"start":{"line":339,"column":8},"end":{"line":339,"column":8}}]},"17":{"line":342,"type":"if","locations":[{"start":{"line":342,"column":8},"end":{"line":342,"column":8}},{"start":{"line":342,"column":8},"end":{"line":342,"column":8}}]},"18":{"line":350,"type":"if","locations":[{"start":{"line":350,"column":8},"end":{"line":350,"column":8}},{"start":{"line":350,"column":8},"end":{"line":350,"column":8}}]},"19":{"line":355,"type":"if","locations":[{"start":{"line":355,"column":12},"end":{"line":355,"column":12}},{"start":{"line":355,"column":12},"end":{"line":355,"column":12}}]},"20":{"line":374,"type":"if","locations":[{"start":{"line":374,"column":8},"end":{"line":374,"column":8}},{"start":{"line":374,"column":8},"end":{"line":374,"column":8}}]},"21":{"line":390,"type":"if","locations":[{"start":{"line":390,"column":8},"end":{"line":390,"column":8}},{"start":{"line":390,"column":8},"end":{"line":390,"column":8}}]},"22":{"line":391,"type":"if","locations":[{"start":{"line":391,"column":8},"end":{"line":391,"column":8}},{"start":{"line":391,"column":8},"end":{"line":391,"column":8}}]},"23":{"line":400,"type":"if","locations":[{"start":{"line":400,"column":8},"end":{"line":400,"column":8}},{"start":{"line":400,"column":8},"end":{"line":400,"column":8}}]},"24":{"line":404,"type":"if","locations":[{"start":{"line":404,"column":12},"end":{"line":404,"column":12}},{"start":{"line":404,"column":12},"end":{"line":404,"column":12}}]},"25":{"line":411,"type":"if","locations":[{"start":{"line":411,"column":12},"end":{"line":411,"column":12}},{"start":{"line":411,"column":12},"end":{"line":411,"column":12}}]},"26":{"line":423,"type":"if","locations":[{"start":{"line":423,"column":12},"end":{"line":423,"column":12}},{"start":{"line":423,"column":12},"end":{"line":423,"column":12}}]},"27":{"line":435,"type":"if","locations":[{"start":{"line":435,"column":8},"end":{"line":435,"column":8}},{"start":{"line":435,"column":8},"end":{"line":435,"column":8}}]},"28":{"line":462,"type":"if","locations":[{"start":{"line":462,"column":8},"end":{"line":462,"column":8}},{"start":{"line":462,"column":8},"end":{"line":462,"column":8}}]},"29":{"line":483,"type":"if","locations":[{"start":{"line":483,"column":12},"end":{"line":483,"column":12}},{"start":{"line":483,"column":12},"end":{"line":483,"column":12}}]},"30":{"line":514,"type":"if","locations":[{"start":{"line":514,"column":8},"end":{"line":514,"column":8}},{"start":{"line":514,"column":8},"end":{"line":514,"column":8}}]},"31":{"line":516,"type":"if","locations":[{"start":{"line":516,"column":8},"end":{"line":516,"column":8}},{"start":{"line":516,"column":8},"end":{"line":516,"column":8}}]},"32":{"line":526,"type":"if","locations":[{"start":{"line":526,"column":8},"end":{"line":526,"column":8}},{"start":{"line":526,"column":8},"end":{"line":526,"column":8}}]},"33":{"line":551,"type":"if","locations":[{"start":{"line":551,"column":12},"end":{"line":551,"column":12}},{"start":{"line":551,"column":12},"end":{"line":551,"column":12}}]},"34":{"line":561,"type":"if","locations":[{"start":{"line":561,"column":8},"end":{"line":561,"column":8}},{"start":{"line":561,"column":8},"end":{"line":561,"column":8}}]},"35":{"line":567,"type":"if","locations":[{"start":{"line":567,"column":8},"end":{"line":567,"column":8}},{"start":{"line":567,"column":8},"end":{"line":567,"column":8}}]},"36":{"line":594,"type":"if","locations":[{"start":{"line":594,"column":12},"end":{"line":594,"column":12}},{"start":{"line":594,"column":12},"end":{"line":594,"column":12}}]},"37":{"line":601,"type":"if","locations":[{"start":{"line":601,"column":8},"end":{"line":601,"column":8}},{"start":{"line":601,"column":8},"end":{"line":601,"column":8}}]},"38":{"line":617,"type":"if","locations":[{"start":{"line":617,"column":12},"end":{"line":617,"column":12}},{"start":{"line":617,"column":12},"end":{"line":617,"column":12}}]},"39":{"line":627,"type":"if","locations":[{"start":{"line":627,"column":8},"end":{"line":627,"column":8}},{"start":{"line":627,"column":8},"end":{"line":627,"column":8}}]},"40":{"line":629,"type":"if","locations":[{"start":{"line":629,"column":8},"end":{"line":629,"column":8}},{"start":{"line":629,"column":8},"end":{"line":629,"column":8}}]}}},"contracts/SmartBondRegister.sol":{"l":{"11":0,"12":0,"16":0,"17":0,"18":0,"22":0,"23":0,"35":42,"39":2,"44":40,"46":40,"48":40,"49":40,"50":40,"52":40,"54":40},"path":"/private/etc/Work1/ethereum/capexmove/Demo/smartbond-impl/contracts/SmartBondRegister.sol","s":{"1":0,"2":0,"3":0,"4":0,"5":0,"6":0,"7":42,"8":2,"9":40,"10":40,"11":40,"12":40,"13":40,"14":40,"15":40},"b":{"1":[0,0],"2":[0,0],"3":[0,0],"4":[40,0]},"f":{"1":0,"2":0,"3":0,"4":42,"5":2,"6":40},"fnMap":{"1":{"name":"onlyOwner","line":10,"loc":{"start":{"line":10,"column":4},"end":{"line":10,"column":22}}},"2":{"name":"transferOwnership","line":15,"loc":{"start":{"line":15,"column":4},"end":{"line":15,"column":63}}},"3":{"name":"kill","line":21,"loc":{"start":{"line":21,"column":4},"end":{"line":21,"column":24}}},"4":{"name":null,"line":34,"loc":{"start":{"line":34,"column":4},"end":{"line":34,"column":22}}},"5":{"name":"getSmartBond","line":38,"loc":{"start":{"line":38,"column":4},"end":{"line":38,"column":72}}},"6":{"name":"registerSmartBond","line":42,"loc":{"start":{"line":42,"column":4},"end":{"line":42,"column":88}}}},"statementMap":{"1":{"start":{"line":11,"column":8},"end":{"line":11,"column":35}},"2":{"start":{"line":16,"column":8},"end":{"line":16,"column":38}},"3":{"start":{"line":17,"column":8},"end":{"line":17,"column":50}},"4":{"start":{"line":18,"column":8},"end":{"line":18,"column":23}},"5":{"start":{"line":22,"column":8},"end":{"line":22,"column":516}},"6":{"start":{"line":23,"column":8},"end":{"line":23,"column":26}},"7":{"start":{"line":35,"column":8},"end":{"line":35,"column":25}},"8":{"start":{"line":39,"column":8},"end":{"line":39,"column":45}},"9":{"start":{"line":44,"column":8},"end":{"line":44,"column":51}},"10":{"start":{"line":46,"column":8},"end":{"line":46,"column":49}},"11":{"start":{"line":48,"column":8},"end":{"line":48,"column":40}},"12":{"start":{"line":49,"column":8},"end":{"line":49,"column":20}},"13":{"start":{"line":50,"column":8},"end":{"line":50,"column":41}},"14":{"start":{"line":52,"column":8},"end":{"line":52,"column":48}},"15":{"start":{"line":54,"column":8},"end":{"line":54,"column":19}}},"branchMap":{"1":{"line":11,"type":"if","locations":[{"start":{"line":11,"column":8},"end":{"line":11,"column":8}},{"start":{"line":11,"column":8},"end":{"line":11,"column":8}}]},"2":{"line":16,"type":"if","locations":[{"start":{"line":16,"column":8},"end":{"line":16,"column":8}},{"start":{"line":16,"column":8},"end":{"line":16,"column":8}}]},"3":{"line":22,"type":"if","locations":[{"start":{"line":22,"column":8},"end":{"line":22,"column":8}},{"start":{"line":22,"column":8},"end":{"line":22,"column":8}}]},"4":{"line":44,"type":"if","locations":[{"start":{"line":44,"column":8},"end":{"line":44,"column":8}},{"start":{"line":44,"column":8},"end":{"line":44,"column":8}}]}}}}